<?xml version="1.0" encoding="UTF-8"?>
<!-- Generated by org.testng.reporters.JUnitReportReporter -->
<testsuite hostname="roskeeNotebook" failures="0" tests="5" name="selenium.Tester" time="7.317" errors="0" timestamp="10 Feb 2022 11:49:57 GMT">
  <testcase classname="selenium.Tester" name="removeItemFromCart" time="0.095"/>
  <testcase classname="selenium.Tester" name="checkoutItems" time="0.703"/>
  <testcase classname="selenium.Tester" name="addItemsToCart" time="0.711"/>
  <testcase classname="selenium.Tester" name="launchBrowser" time="5.425"/>
  <testcase classname="selenium.Tester" name="Login" time="0.383"/>
</testsuite> <!-- selenium.Tester -->
