<?xml version="1.0" encoding="UTF-8"?>
<!-- Generated by org.testng.reporters.JUnitReportReporter -->
<testsuite hostname="roskeeNotebook" failures="0" tests="5" name="sauceDemo.Tester" time="10.253" errors="0" timestamp="10 Feb 2022 11:55:13 GMT">
  <testcase classname="sauceDemo.Tester" name="checkoutItems" time="0.743"/>
  <testcase classname="sauceDemo.Tester" name="launchBrowser" time="8.268"/>
  <testcase classname="sauceDemo.Tester" name="Login" time="0.508"/>
  <testcase classname="sauceDemo.Tester" name="addItemsToCart" time="0.629"/>
  <testcase classname="sauceDemo.Tester" name="removeItemFromCart" time="0.105"/>
</testsuite> <!-- sauceDemo.Tester -->
